<?xml version="1.0" encoding="UTF-8"?>
<testng-results total="3" passed="3" failed="0" skipped="0">
  <reporter-output>
  </reporter-output>
  <suite started-at="2022-03-16T04:48:46Z" name="Default suite" finished-at="2022-03-16T04:49:01Z" duration-ms="15534">
    <groups>
    </groups>
    <test started-at="2022-03-16T04:48:46Z" name="Default test" finished-at="2022-03-16T04:49:01Z" duration-ms="15534">
      <class name="RestTestig.Ecommerce">
        <test-method signature="Signup()[pri:0, instance:RestTestig.Ecommerce@4278284b]" started-at="2022-03-16T10:18:46Z" name="Signup" finished-at="2022-03-16T10:18:54Z" duration-ms="7835" status="PASS">
          <reporter-output>
          </reporter-output>
        </test-method> <!-- Signup -->
        <test-method signature="Login()[pri:1, instance:RestTestig.Ecommerce@4278284b]" started-at="2022-03-16T10:18:54Z" name="Login" finished-at="2022-03-16T10:18:58Z" duration-ms="4102" status="PASS">
          <reporter-output>
          </reporter-output>
        </test-method> <!-- Login -->
        <test-method signature="GetAllUser()[pri:2, instance:RestTestig.Ecommerce@4278284b]" started-at="2022-03-16T10:18:58Z" name="GetAllUser" finished-at="2022-03-16T10:19:01Z" duration-ms="3560" status="PASS">
          <reporter-output>
          </reporter-output>
        </test-method> <!-- GetAllUser -->
      </class> <!-- RestTestig.Ecommerce -->
    </test> <!-- Default test -->
  </suite> <!-- Default suite -->
</testng-results>
